<?xml version="1.0" encoding="UTF-8"?>
<!-- Generated by org.testng.reporters.JUnitReportReporter -->
<testsuite hostname="TRADER_AMIT" failures="0" tests="2" name="Testpackage.TestNg" time="0.063" errors="0" timestamp="2023-03-24T22:18:06 IST" skipped="0">
  <testcase classname="Testpackage.TestNg" name="LoginFunction" time="0.035"/>
  <system-out/>
  <testcase classname="Testpackage.TestNg" name="LoginFunction" time="0.028"/>
  <system-out/>
</testsuite> <!-- Testpackage.TestNg -->
